0 info it worked if it ends with ok
1 verbose cli [ 'F:\\Program Files\\nodejs\\node.exe',
1 verbose cli   'F:\\Program Files\\nodejs\\node_modules\\npm\\bin\\npm-cli.js',
1 verbose cli   'start' ]
2 info using npm@3.10.10
3 info using node@v6.11.2
4 verbose run-script [ 'prestart', 'start', 'poststart' ]
5 info lifecycle intelligentparkingbackend@0.0.0~prestart: intelligentparkingbackend@0.0.0
6 silly lifecycle intelligentparkingbackend@0.0.0~prestart: no script for prestart, continuing
7 info lifecycle intelligentparkingbackend@0.0.0~start: intelligentparkingbackend@0.0.0
8 verbose lifecycle intelligentparkingbackend@0.0.0~start: unsafe-perm in lifecycle true
9 verbose lifecycle intelligentparkingbackend@0.0.0~start: PATH: F:\Program Files\nodejs\node_modules\npm\bin\node-gyp-bin;E:\intelligentParkingBackEnd\intelligentParkingBackEnd\node_modules\.bin;C:\ProgramData\Oracle\Java\javapath;C:\WINDOWS\system32;C:\WINDOWS;C:\WINDOWS\System32\Wbem;C:\WINDOWS\System32\WindowsPowerShell\v1.0\;F:\Program Files\Java\jdk1.8.0_144\bin;F:\Program Files\Java\jdk1.8.0_144\jre\bin;E:\ztesoft\apache-maven-3.3.9\bin;F:\Program Files\nodejs\;C:\Python27;C:\Python27\Scripts;F:\Program Files\TortoiseSVN\bin;F:\Program Files\Git\bin;C:\Program Files\MySQL\MySQL Server 5.7\bin;C:\Users\Administrator\AppData\Local\Microsoft\WindowsApps;C:\Users\Administrator\AppData\Roaming\npm;
10 verbose lifecycle intelligentparkingbackend@0.0.0~start: CWD: E:\intelligentParkingBackEnd\intelligentParkingBackEnd
11 silly lifecycle intelligentparkingbackend@0.0.0~start: Args: [ '/d /s /c', 'node ipark.js' ]
12 verbose stack Error: kill ENOSYS
12 verbose stack     at exports._errnoException (util.js:1020:11)
12 verbose stack     at process.kill (internal/process.js:190:13)
12 verbose stack     at process.listener (F:\Program Files\nodejs\node_modules\npm\node_modules\npmlog\node_modules\gauge\node_modules\signal-exit\index.js:86:15)
12 verbose stack     at emitNone (events.js:91:20)
12 verbose stack     at process.emit (events.js:185:7)
12 verbose stack     at processEmit (F:\Program Files\nodejs\node_modules\npm\node_modules\npmlog\node_modules\gauge\node_modules\signal-exit\index.js:146:32)
12 verbose stack     at processEmit (F:\Program Files\nodejs\node_modules\npm\node_modules\npm-registry-client\node_modules\npmlog\node_modules\gauge\node_modules\signal-exit\index.js:146:32)
12 verbose stack     at Signal.wrap.onsignal (internal/process.js:217:44)
13 verbose cwd E:\intelligentParkingBackEnd\intelligentParkingBackEnd
14 error Windows_NT 10.0.16299
15 error argv "F:\\Program Files\\nodejs\\node.exe" "F:\\Program Files\\nodejs\\node_modules\\npm\\bin\\npm-cli.js" "start"
16 error node v6.11.2
17 error npm  v3.10.10
18 error code ENOSYS
19 error errno ENOSYS
20 error syscall kill
21 error kill ENOSYS
22 error If you need help, you may report this error at:
22 error     <https://github.com/npm/npm/issues>
23 verbose exit [ 1, true ]
